<?xml version="1.0" encoding="UTF-8"?>
<testng-results ignored="0" total="1" passed="1" failed="0" skipped="0">
  <reporter-output>
  </reporter-output>
  <suite started-at="2025-03-13T11:48:31 IST" name="Default suite" finished-at="2025-03-13T11:49:08 IST" duration-ms="36753">
    <groups>
    </groups>
    <test started-at="2025-03-13T11:48:31 IST" name="Default test" finished-at="2025-03-13T11:49:08 IST" duration-ms="36753">
      <class name="testPackage.TC_LaunchGoogle_001_Test">
        <test-method signature="launchGoogle()[pri:0, instance:testPackage.TC_LaunchGoogle_001_Test@6302bbb1]" started-at="2025-03-13T11:48:31 IST" name="launchGoogle" finished-at="2025-03-13T11:49:08 IST" duration-ms="36673" status="PASS">
          <reporter-output>
          </reporter-output>
        </test-method> <!-- launchGoogle -->
      </class> <!-- testPackage.TC_LaunchGoogle_001_Test -->
    </test> <!-- Default test -->
  </suite> <!-- Default suite -->
</testng-results>
