<?xml version="1.0" encoding="UTF-8"?>
<testng-results ignored="0" total="1" passed="1" failed="0" skipped="0">
  <reporter-output>
    <line>
      <![CDATA[product is removed]]>
    </line>
  </reporter-output>
  <suite started-at="2025-03-18T12:27:52 IST" name="Default suite" finished-at="2025-03-18T12:28:27 IST" duration-ms="34915">
    <groups>
    </groups>
    <test started-at="2025-03-18T12:27:52 IST" name="Default test" finished-at="2025-03-18T12:28:27 IST" duration-ms="34915">
      <class name="testPackage.TC_RemoveProductFromCart_002_Test">
        <test-method is-config="true" signature="browserSetUp()[pri:0, instance:testPackage.TC_RemoveProductFromCart_002_Test@7f0eb4b4]" started-at="2025-03-18T12:27:52 IST" name="browserSetUp" finished-at="2025-03-18T12:28:02 IST" duration-ms="9451" status="PASS">
          <reporter-output>
          </reporter-output>
        </test-method> <!-- browserSetUp -->
        <test-method is-config="true" signature="validLogin()[pri:0, instance:testPackage.TC_RemoveProductFromCart_002_Test@7f0eb4b4]" started-at="2025-03-18T12:28:02 IST" name="validLogin" finished-at="2025-03-18T12:28:06 IST" duration-ms="4203" status="PASS">
          <reporter-output>
          </reporter-output>
        </test-method> <!-- validLogin -->
        <test-method signature="removeProductFromCart()[pri:0, instance:testPackage.TC_RemoveProductFromCart_002_Test@7f0eb4b4]" started-at="2025-03-18T12:28:06 IST" name="removeProductFromCart" finished-at="2025-03-18T12:28:26 IST" duration-ms="19638" status="PASS">
          <reporter-output>
            <line>
              <![CDATA[product is removed]]>
            </line>
          </reporter-output>
        </test-method> <!-- removeProductFromCart -->
        <test-method is-config="true" signature="logOut()[pri:0, instance:testPackage.TC_RemoveProductFromCart_002_Test@7f0eb4b4]" started-at="2025-03-18T12:28:26 IST" name="logOut" finished-at="2025-03-18T12:28:27 IST" duration-ms="1075" status="PASS">
          <reporter-output>
          </reporter-output>
        </test-method> <!-- logOut -->
        <test-method is-config="true" signature="browserTearDown()[pri:0, instance:testPackage.TC_RemoveProductFromCart_002_Test@7f0eb4b4]" started-at="2025-03-18T12:28:27 IST" name="browserTearDown" finished-at="2025-03-18T12:28:27 IST" duration-ms="510" status="PASS">
          <reporter-output>
          </reporter-output>
        </test-method> <!-- browserTearDown -->
      </class> <!-- testPackage.TC_RemoveProductFromCart_002_Test -->
    </test> <!-- Default test -->
  </suite> <!-- Default suite -->
</testng-results>
